<?xml version="1.0" encoding="UTF-8"?>
<testng-results ignored="0" total="4" passed="4" failed="0" skipped="0">
  <reporter-output>
  </reporter-output>
  <suite started-at="2022-07-27T12:18:08 IST" name="Default suite" finished-at="2022-07-27T12:19:07 IST" duration-ms="58822">
    <groups>
    </groups>
    <test started-at="2022-07-27T12:18:08 IST" name="Default test" finished-at="2022-07-27T12:19:07 IST" duration-ms="58822">
      <class name="Selenium_2.Test_up_load_popup">
        <test-method is-config="true" signature="beforeClass()[pri:0, instance:Selenium_2.Test_up_load_popup@4d5b6aac]" started-at="2022-07-27T12:18:08 IST" name="beforeClass" finished-at="2022-07-27T12:18:10 IST" duration-ms="1829" status="PASS">
          <reporter-output>
          </reporter-output>
        </test-method> <!-- beforeClass -->
        <test-method signature="TC_01_upload_file()[pri:0, instance:Selenium_2.Test_up_load_popup@4d5b6aac]" started-at="2022-07-27T12:18:10 IST" name="TC_01_upload_file" finished-at="2022-07-27T12:18:25 IST" duration-ms="15416" status="PASS">
          <reporter-output>
          </reporter-output>
        </test-method> <!-- TC_01_upload_file -->
        <test-method signature="TC_02_download_file()[pri:0, instance:Selenium_2.Test_up_load_popup@4d5b6aac]" started-at="2022-07-27T12:18:25 IST" name="TC_02_download_file" finished-at="2022-07-27T12:18:41 IST" duration-ms="15577" status="PASS">
          <reporter-output>
          </reporter-output>
        </test-method> <!-- TC_02_download_file -->
        <test-method signature="TC_03_Alert_Handle()[pri:0, instance:Selenium_2.Test_up_load_popup@4d5b6aac]" started-at="2022-07-27T12:18:41 IST" name="TC_03_Alert_Handle" finished-at="2022-07-27T12:18:51 IST" duration-ms="10526" status="PASS">
          <reporter-output>
          </reporter-output>
        </test-method> <!-- TC_03_Alert_Handle -->
        <test-method signature="TC_04_popup_windows()[pri:0, instance:Selenium_2.Test_up_load_popup@4d5b6aac]" started-at="2022-07-27T12:18:51 IST" name="TC_04_popup_windows" finished-at="2022-07-27T12:19:05 IST" duration-ms="13315" status="PASS">
          <reporter-output>
          </reporter-output>
        </test-method> <!-- TC_04_popup_windows -->
        <test-method is-config="true" signature="afterClass()[pri:0, instance:Selenium_2.Test_up_load_popup@4d5b6aac]" started-at="2022-07-27T12:19:05 IST" name="afterClass" finished-at="2022-07-27T12:19:07 IST" duration-ms="2091" status="PASS">
          <reporter-output>
          </reporter-output>
        </test-method> <!-- afterClass -->
      </class> <!-- Selenium_2.Test_up_load_popup -->
    </test> <!-- Default test -->
  </suite> <!-- Default suite -->
</testng-results>
